<?xml version="1.0" encoding="UTF-8"?>
<!-- Generated by org.testng.reporters.JUnitReportReporter -->
<testsuite hostname="Anjali" failures="0" tests="1" name="com.qa.tests.LoginTest" time="12.294" errors="0" timestamp="06 Feb 2023 23:42:39 GMT" skipped="0">
  <testcase classname="com.qa.tests.LoginTest" name="enterWrongPasswordTest" time="12.294"/>
</testsuite> <!-- com.qa.tests.LoginTest -->
