<?xml version="1.0" encoding="UTF-8"?>
<!-- Generated by org.testng.reporters.JUnitReportReporter -->
<testsuite hostname="Anjali" failures="0" tests="4" name="com.qa.tests.LoginTest" time="43.848" errors="0" timestamp="11 Feb 2023 22:46:19 GMT" skipped="0">
  <testcase classname="com.qa.tests.LoginTest" name="validateLoginPageTest" time="8.029"/>
  <testcase classname="com.qa.tests.LoginTest" name="enterCorrectEmailandPasswordTest" time="15.614"/>
  <testcase classname="com.qa.tests.LoginTest" name="enterinvalidEmailTest" time="9.892"/>
  <testcase classname="com.qa.tests.LoginTest" name="enterWrongPasswordTest" time="10.313"/>
</testsuite> <!-- com.qa.tests.LoginTest -->
