<?xml version="1.0" encoding="UTF-8"?>
<!-- Generated by org.testng.reporters.JUnitReportReporter -->
<testsuite hostname="Anjali" failures="0" tests="1" name="com.qa.tests.NotificationTest" time="18.820" errors="0" timestamp="11 Feb 2023 23:14:22 GMT" skipped="0">
  <testcase classname="com.qa.tests.NotificationTest" name="clickNotificationLinkTest" time="18.820"/>
</testsuite> <!-- com.qa.tests.NotificationTest -->
