<?xml version="1.0" encoding="UTF-8"?>
<!-- Generated by org.testng.reporters.JUnitReportReporter -->
<testsuite hostname="Anjali" failures="0" tests="1" name="com.qa.tests.LogoutTest" time="19.799" errors="0" timestamp="12 Feb 2023 20:56:16 GMT" skipped="0">
  <testcase classname="com.qa.tests.LogoutTest" name="VerifyLogoutTest" time="19.799"/>
</testsuite> <!-- com.qa.tests.LogoutTest -->
